Flow report for rc4
Wed Mar 22 10:51:12 2017
Quartus II 64-Bit Version 14.1.1 Build 190 01/19/2015 SJ Full Version


---------------------
; Table of Contents ;
---------------------
  1. Legal Notice
  2. Flow Summary
  3. Flow Settings
  4. Flow Non-Default Global Settings
  5. Flow Elapsed Time
  6. Flow OS Summary
  7. Flow Log
  8. Flow Messages
  9. Flow Suppressed Messages



----------------
; Legal Notice ;
----------------
Copyright (C) 1991-2015 Altera Corporation. All rights reserved.
Your use of Altera Corporation's design tools, logic functions 
and other software and tools, and its AMPP partner logic 
functions, and any output files from any of the foregoing 
(including device programming or simulation files), and any 
associated documentation or information are expressly subject 
to the terms and conditions of the Altera Program License 
Subscription Agreement, the Altera Quartus II License Agreement,
the Altera MegaCore Function License Agreement, or other 
applicable license agreement, including, without limitation, 
that your use is for the sole purpose of programming logic 
devices manufactured by Altera and sold by Altera or its 
authorized distributors.  Please refer to the applicable 
agreement for further details.



+-------------------------------------------------------------------------------+
; Flow Summary                                                                  ;
+---------------------------------+---------------------------------------------+
; Flow Status                     ; Successful - Wed Mar 22 10:51:01 2017       ;
; Quartus II 64-Bit Version       ; 14.1.1 Build 190 01/19/2015 SJ Full Version ;
; Revision Name                   ; rc4                                         ;
; Top-level Entity Name           ; ksa                                         ;
; Family                          ; Cyclone V                                   ;
; Device                          ; 5CSEMA5F31C6                                ;
; Timing Models                   ; Final                                       ;
; Logic utilization (in ALMs)     ; 456 / 32,070 ( 1 % )                        ;
; Total registers                 ; 385                                         ;
; Total pins                      ; 59 / 457 ( 13 % )                           ;
; Total virtual pins              ; 0                                           ;
; Total block memory bits         ; 2,560 / 4,065,280 ( < 1 % )                 ;
; Total DSP Blocks                ; 0 / 87 ( 0 % )                              ;
; Total HSSI RX PCSs              ; 0                                           ;
; Total HSSI PMA RX Deserializers ; 0                                           ;
; Total HSSI TX PCSs              ; 0                                           ;
; Total HSSI PMA TX Serializers   ; 0                                           ;
; Total PLLs                      ; 0 / 6 ( 0 % )                               ;
; Total DLLs                      ; 0 / 4 ( 0 % )                               ;
+---------------------------------+---------------------------------------------+


+-----------------------------------------+
; Flow Settings                           ;
+-------------------+---------------------+
; Option            ; Setting             ;
+-------------------+---------------------+
; Start date & time ; 03/22/2017 09:16:33 ;
; Main task         ; Compilation         ;
; Revision Name     ; rc4                 ;
+-------------------+---------------------+


+-------------------------------------------------------------------------------------------------------------------------------------------+
; Flow Non-Default Global Settings                                                                                                          ;
+---------------------------------------------------+---------------------------------------+--------------------+-------------+------------+
; Assignment Name                                   ; Value                                 ; Default Value      ; Entity Name ; Section Id ;
+---------------------------------------------------+---------------------------------------+--------------------+-------------+------------+
; AUTO_RAM_RECOGNITION                              ; Off                                   ; On                 ; --          ; --         ;
; AUTO_ROM_RECOGNITION                              ; Off                                   ; On                 ; --          ; --         ;
; BLOCK_RAM_AND_MLAB_EQUIVALENT_POWER_UP_CONDITIONS ; Care                                  ; Auto               ; --          ; --         ;
; COMPILER_SIGNATURE_ID                             ; 268891674222029.149019939305492       ; --                 ; --          ; --         ;
; EXTRACT_VERILOG_STATE_MACHINES                    ; Off                                   ; On                 ; --          ; --         ;
; EXTRACT_VHDL_STATE_MACHINES                       ; Off                                   ; On                 ; --          ; --         ;
; FITTER_EFFORT                                     ; Standard Fit                          ; Auto Fit           ; --          ; --         ;
; MAX_CORE_JUNCTION_TEMP                            ; 85                                    ; --                 ; --          ; --         ;
; MIN_CORE_JUNCTION_TEMP                            ; 0                                     ; --                 ; --          ; --         ;
; MISC_FILE                                         ; S_mem_bb.v                            ; --                 ; --          ; --         ;
; OPTIMIZE_POWER_DURING_SYNTHESIS                   ; Off                                   ; Normal compilation ; --          ; --         ;
; PARTITION_COLOR                                   ; 16764057                              ; --                 ; ksa         ; Top        ;
; PARTITION_FITTER_PRESERVATION_LEVEL               ; PLACEMENT_AND_ROUTING                 ; --                 ; ksa         ; Top        ;
; PARTITION_NETLIST_TYPE                            ; POST_FIT                              ; --                 ; ksa         ; Top        ;
; PHYSICAL_SYNTHESIS_EFFORT                         ; Fast                                  ; Normal             ; --          ; --         ;
; PHYSICAL_SYNTHESIS_REGISTER_RETIMING              ; On                                    ; Off                ; --          ; --         ;
; POWER_BOARD_THERMAL_MODEL                         ; None (CONSERVATIVE)                   ; --                 ; --          ; --         ;
; POWER_PRESET_COOLING_SOLUTION                     ; 23 MM HEAT SINK WITH 200 LFPM AIRFLOW ; --                 ; --          ; --         ;
; PROJECT_OUTPUT_DIRECTORY                          ; output_files                          ; --                 ; --          ; --         ;
; ROUTER_CLOCKING_TOPOLOGY_ANALYSIS                 ; On                                    ; Off                ; --          ; --         ;
; SYNCHRONIZATION_REGISTER_CHAIN_LENGTH             ; 2                                     ; 3                  ; --          ; --         ;
; SYNCHRONIZER_IDENTIFICATION                       ; Auto                                  ; Off                ; --          ; --         ;
; TOP_LEVEL_ENTITY                                  ; ksa                                   ; rc4                ; --          ; --         ;
; VERILOG_INPUT_VERSION                             ; SystemVerilog_2005                    ; Verilog_2001       ; --          ; --         ;
; VERILOG_NON_CONSTANT_LOOP_LIMIT                   ; 5000                                  ; 250                ; --          ; --         ;
; VERILOG_SHOW_LMF_MAPPING_MESSAGES                 ; Off                                   ; --                 ; --          ; --         ;
+---------------------------------------------------+---------------------------------------+--------------------+-------------+------------+


+-------------------------------------------------------------------------------------------------------------------------------+
; Flow Elapsed Time                                                                                                             ;
+---------------------------+--------------+-------------------------+---------------------+------------------------------------+
; Module Name               ; Elapsed Time ; Average Processors Used ; Peak Virtual Memory ; Total CPU Time (on all processors) ;
+---------------------------+--------------+-------------------------+---------------------+------------------------------------+
; Analysis & Synthesis      ; 00:00:20     ; 1.0                     ; 736 MB              ; 00:00:38                           ;
; Partition Merge           ; 00:00:01     ; 1.0                     ; 623 MB              ; 00:00:01                           ;
; Fitter                    ; 00:00:59     ; 1.5                     ; 2631 MB             ; 00:01:37                           ;
; Assembler                 ; 00:00:10     ; 1.0                     ; 701 MB              ; 00:00:09                           ;
; TimeQuest Timing Analyzer ; 00:00:12     ; 1.0                     ; 1053 MB             ; 00:00:13                           ;
; Analysis & Synthesis      ; 00:00:19     ; 1.0                     ; 743 MB              ; 00:00:39                           ;
; Partition Merge           ; 00:00:01     ; 1.0                     ; 625 MB              ; 00:00:01                           ;
; Fitter                    ; 00:00:48     ; 1.7                     ; 2572 MB             ; 00:01:24                           ;
; Assembler                 ; 00:00:09     ; 1.0                     ; 700 MB              ; 00:00:09                           ;
; TimeQuest Timing Analyzer ; 00:00:08     ; 1.4                     ; 1050 MB             ; 00:00:09                           ;
; Analysis & Synthesis      ; 00:00:23     ; 1.0                     ; 736 MB              ; 00:00:43                           ;
; Partition Merge           ; 00:00:01     ; 1.0                     ; 769 MB              ; 00:00:01                           ;
; Fitter                    ; 00:01:09     ; 1.7                     ; 2864 MB             ; 00:02:02                           ;
; Assembler                 ; 00:00:08     ; 1.0                     ; 701 MB              ; 00:00:08                           ;
; TimeQuest Timing Analyzer ; 00:00:07     ; 1.0                     ; 1050 MB             ; 00:00:09                           ;
; Analysis & Synthesis      ; 00:00:17     ; 1.0                     ; 738 MB              ; 00:00:38                           ;
; Partition Merge           ; 00:00:02     ; 1.0                     ; 767 MB              ; 00:00:01                           ;
; Fitter                    ; 00:00:39     ; 1.5                     ; 2747 MB             ; 00:01:02                           ;
; Assembler                 ; 00:00:08     ; 1.0                     ; 701 MB              ; 00:00:09                           ;
; TimeQuest Timing Analyzer ; 00:00:08     ; 1.4                     ; 1051 MB             ; 00:00:09                           ;
; Analysis & Synthesis      ; 00:00:08     ; 1.0                     ; 640 MB              ; 00:00:16                           ;
; Analysis & Synthesis      ; 00:00:18     ; 1.0                     ; 739 MB              ; 00:00:37                           ;
; Partition Merge           ; 00:00:00     ; 1.0                     ; 625 MB              ; 00:00:01                           ;
; Fitter                    ; 00:00:42     ; 1.5                     ; 2579 MB             ; 00:01:11                           ;
; Assembler                 ; 00:00:08     ; 1.0                     ; 705 MB              ; 00:00:08                           ;
; TimeQuest Timing Analyzer ; 00:00:08     ; 1.0                     ; 1053 MB             ; 00:00:10                           ;
; Analysis & Synthesis      ; 00:00:09     ; 1.0                     ; 639 MB              ; 00:00:18                           ;
; Analysis & Synthesis      ; 00:00:18     ; 1.0                     ; 737 MB              ; 00:00:37                           ;
; Partition Merge           ; 00:00:01     ; 1.0                     ; 622 MB              ; 00:00:01                           ;
; Fitter                    ; 00:00:45     ; 1.7                     ; 2576 MB             ; 00:01:14                           ;
; Assembler                 ; 00:00:09     ; 1.0                     ; 710 MB              ; 00:00:08                           ;
; TimeQuest Timing Analyzer ; 00:00:08     ; 1.0                     ; 1050 MB             ; 00:00:10                           ;
; Total                     ; 00:09:03     ; --                      ; --                  ; 00:14:53                           ;
+---------------------------+--------------+-------------------------+---------------------+------------------------------------+


+----------------------------------------------------------------------------------------+
; Flow OS Summary                                                                        ;
+---------------------------+------------------+-----------+------------+----------------+
; Module Name               ; Machine Hostname ; OS Name   ; OS Version ; Processor type ;
+---------------------------+------------------+-----------+------------+----------------+
; Analysis & Synthesis      ; m358-pc42        ; Windows 7 ; 6.1        ; x86_64         ;
; Partition Merge           ; m358-pc42        ; Windows 7 ; 6.1        ; x86_64         ;
; Fitter                    ; m358-pc42        ; Windows 7 ; 6.1        ; x86_64         ;
; Assembler                 ; m358-pc42        ; Windows 7 ; 6.1        ; x86_64         ;
; TimeQuest Timing Analyzer ; m358-pc42        ; Windows 7 ; 6.1        ; x86_64         ;
; Analysis & Synthesis      ; m358-pc42        ; Windows 7 ; 6.1        ; x86_64         ;
; Partition Merge           ; m358-pc42        ; Windows 7 ; 6.1        ; x86_64         ;
; Fitter                    ; m358-pc42        ; Windows 7 ; 6.1        ; x86_64         ;
; Assembler                 ; m358-pc42        ; Windows 7 ; 6.1        ; x86_64         ;
; TimeQuest Timing Analyzer ; m358-pc42        ; Windows 7 ; 6.1        ; x86_64         ;
; Analysis & Synthesis      ; m358-pc42        ; Windows 7 ; 6.1        ; x86_64         ;
; Partition Merge           ; m358-pc42        ; Windows 7 ; 6.1        ; x86_64         ;
; Fitter                    ; m358-pc42        ; Windows 7 ; 6.1        ; x86_64         ;
; Assembler                 ; m358-pc42        ; Windows 7 ; 6.1        ; x86_64         ;
; TimeQuest Timing Analyzer ; m358-pc42        ; Windows 7 ; 6.1        ; x86_64         ;
; Analysis & Synthesis      ; m358-pc42        ; Windows 7 ; 6.1        ; x86_64         ;
; Partition Merge           ; m358-pc42        ; Windows 7 ; 6.1        ; x86_64         ;
; Fitter                    ; m358-pc42        ; Windows 7 ; 6.1        ; x86_64         ;
; Assembler                 ; m358-pc42        ; Windows 7 ; 6.1        ; x86_64         ;
; TimeQuest Timing Analyzer ; m358-pc42        ; Windows 7 ; 6.1        ; x86_64         ;
; Analysis & Synthesis      ; m358-pc42        ; Windows 7 ; 6.1        ; x86_64         ;
; Analysis & Synthesis      ; m358-pc42        ; Windows 7 ; 6.1        ; x86_64         ;
; Partition Merge           ; m358-pc42        ; Windows 7 ; 6.1        ; x86_64         ;
; Fitter                    ; m358-pc42        ; Windows 7 ; 6.1        ; x86_64         ;
; Assembler                 ; m358-pc42        ; Windows 7 ; 6.1        ; x86_64         ;
; TimeQuest Timing Analyzer ; m358-pc42        ; Windows 7 ; 6.1        ; x86_64         ;
; Analysis & Synthesis      ; m358-pc42        ; Windows 7 ; 6.1        ; x86_64         ;
; Analysis & Synthesis      ; m358-pc42        ; Windows 7 ; 6.1        ; x86_64         ;
; Partition Merge           ; m358-pc42        ; Windows 7 ; 6.1        ; x86_64         ;
; Fitter                    ; m358-pc42        ; Windows 7 ; 6.1        ; x86_64         ;
; Assembler                 ; m358-pc42        ; Windows 7 ; 6.1        ; x86_64         ;
; TimeQuest Timing Analyzer ; m358-pc42        ; Windows 7 ; 6.1        ; x86_64         ;
+---------------------------+------------------+-----------+------------+----------------+


------------
; Flow Log ;
------------
quartus_map --read_settings_files=on --write_settings_files=off rc4 -c rc4
quartus_cdb --read_settings_files=off --write_settings_files=off rc4 -c rc4 --merge=on
quartus_fit --read_settings_files=off --write_settings_files=off rc4 -c rc4
quartus_asm --read_settings_files=off --write_settings_files=off rc4 -c rc4
quartus_sta rc4 -c rc4
quartus_map --read_settings_files=on --write_settings_files=off rc4 -c rc4
quartus_cdb --read_settings_files=off --write_settings_files=off rc4 -c rc4 --merge=on
quartus_fit --read_settings_files=off --write_settings_files=off rc4 -c rc4
quartus_asm --read_settings_files=off --write_settings_files=off rc4 -c rc4
quartus_sta rc4 -c rc4
quartus_map --read_settings_files=on --write_settings_files=off rc4 -c rc4
quartus_cdb --read_settings_files=off --write_settings_files=off rc4 -c rc4 --merge=on
quartus_fit --read_settings_files=off --write_settings_files=off rc4 -c rc4
quartus_asm --read_settings_files=off --write_settings_files=off rc4 -c rc4
quartus_sta rc4 -c rc4
quartus_map --read_settings_files=on --write_settings_files=off rc4 -c rc4
quartus_cdb --read_settings_files=off --write_settings_files=off rc4 -c rc4 --merge=on
quartus_fit --read_settings_files=off --write_settings_files=off rc4 -c rc4
quartus_asm --read_settings_files=off --write_settings_files=off rc4 -c rc4
quartus_sta rc4 -c rc4
quartus_map --read_settings_files=on --write_settings_files=off rc4 -c rc4
quartus_map --read_settings_files=on --write_settings_files=off rc4 -c rc4
quartus_cdb --read_settings_files=off --write_settings_files=off rc4 -c rc4 --merge=on
quartus_fit --read_settings_files=off --write_settings_files=off rc4 -c rc4
quartus_asm --read_settings_files=off --write_settings_files=off rc4 -c rc4
quartus_sta rc4 -c rc4
quartus_map --read_settings_files=on --write_settings_files=off rc4 -c rc4
quartus_map --read_settings_files=on --write_settings_files=off rc4 -c rc4
quartus_cdb --read_settings_files=off --write_settings_files=off rc4 -c rc4 --merge=on
quartus_fit --read_settings_files=off --write_settings_files=off rc4 -c rc4
quartus_asm --read_settings_files=off --write_settings_files=off rc4 -c rc4
quartus_sta rc4 -c rc4



